<?xml version="1.0" encoding="UTF-8"?>
<testng-results ignored="0" total="3" passed="3" failed="0" skipped="0">
  <reporter-output>
  </reporter-output>
  <suite started-at="2026-08-04T10:10:08 IST" name="Suite" finished-at="2026-08-04T10:11:04 IST" duration-ms="56942">
    <groups>
      <group name="InvalidLogin">
        <method signature="InvalidLogin.VerifyInvalidLogin()[pri:0, instance:Test.InvalidLogin@222545dc]" name="VerifyInvalidLogin" class="Test.InvalidLogin"/>
      </group> <!-- InvalidLogin -->
    </groups>
    <test started-at="2026-08-04T10:10:08 IST" name="Test1" finished-at="2026-08-04T10:10:14 IST" duration-ms="6408">
      <class name="Test.InvalidLogin">
        <test-method is-config="true" signature="launchBrowser()[pri:0, instance:Test.InvalidLogin@222545dc]" started-at="2026-08-04T10:10:08 IST" name="launchBrowser" finished-at="2026-08-04T10:10:10 IST" duration-ms="2247" status="PASS">
          <reporter-output>
          </reporter-output>
        </test-method> <!-- launchBrowser -->
        <test-method signature="VerifyInvalidLogin()[pri:0, instance:Test.InvalidLogin@222545dc]" started-at="2026-08-04T10:10:10 IST" name="VerifyInvalidLogin" finished-at="2026-08-04T10:10:14 IST" duration-ms="3816" status="PASS">
          <reporter-output>
          </reporter-output>
        </test-method> <!-- VerifyInvalidLogin -->
        <test-method is-config="true" signature="tearDown()[pri:0, instance:Test.InvalidLogin@222545dc]" started-at="2026-08-04T10:10:14 IST" name="tearDown" finished-at="2026-08-04T10:10:14 IST" duration-ms="301" status="PASS">
          <reporter-output>
          </reporter-output>
        </test-method> <!-- tearDown -->
      </class> <!-- Test.InvalidLogin -->
    </test> <!-- Test1 -->
    <test started-at="2026-08-04T10:10:14 IST" name="Test2" finished-at="2026-08-04T10:11:04 IST" duration-ms="50503">
      <class name="Test.UiTestFrameWork">
        <test-method is-config="true" signature="launchBrowser()[pri:0, instance:Test.UiTestFrameWork@34e9fd99]" started-at="2026-08-04T10:10:14 IST" name="launchBrowser" finished-at="2026-08-04T10:10:15 IST" duration-ms="1069" status="PASS">
          <reporter-output>
          </reporter-output>
        </test-method> <!-- launchBrowser -->
        <test-method signature="PlaceOrderandVerifyHistoryPage(java.util.HashMap)[pri:0, instance:Test.UiTestFrameWork@34e9fd99]" started-at="2026-08-04T10:10:15 IST" name="PlaceOrderandVerifyHistoryPage" data-provider="data2" finished-at="2026-08-04T10:10:39 IST" duration-ms="24028" status="PASS">
          <params>
            <param index="0">
              <value>
                <![CDATA[{ProductName=ADIDAS ORIGINAL, UserName=naveengr653@gmail.com, Password=Test@Practice1}]]>
              </value>
            </param>
          </params>
          <reporter-output>
          </reporter-output>
        </test-method> <!-- PlaceOrderandVerifyHistoryPage -->
        <test-method is-config="true" signature="tearDown()[pri:0, instance:Test.UiTestFrameWork@34e9fd99]" started-at="2026-08-04T10:10:39 IST" name="tearDown" finished-at="2026-08-04T10:10:39 IST" duration-ms="299" status="PASS">
          <reporter-output>
          </reporter-output>
        </test-method> <!-- tearDown -->
        <test-method is-config="true" signature="launchBrowser()[pri:0, instance:Test.UiTestFrameWork@34e9fd99]" started-at="2026-08-04T10:10:39 IST" name="launchBrowser" finished-at="2026-08-04T10:10:40 IST" duration-ms="981" status="PASS">
          <reporter-output>
          </reporter-output>
        </test-method> <!-- launchBrowser -->
        <test-method signature="PlaceOrderandVerifyHistoryPage(java.util.HashMap)[pri:0, instance:Test.UiTestFrameWork@34e9fd99]" started-at="2026-08-04T10:10:40 IST" name="PlaceOrderandVerifyHistoryPage" data-provider="data2" finished-at="2026-08-04T10:11:04 IST" duration-ms="23780" status="PASS">
          <params>
            <param index="0">
              <value>
                <![CDATA[{ProductName=ZARA COAT 3, UserName=naveen.can@gmail.com, Password=Test@123}]]>
              </value>
            </param>
          </params>
          <reporter-output>
          </reporter-output>
        </test-method> <!-- PlaceOrderandVerifyHistoryPage -->
        <test-method is-config="true" signature="tearDown()[pri:0, instance:Test.UiTestFrameWork@34e9fd99]" started-at="2026-08-04T10:11:04 IST" name="tearDown" finished-at="2026-08-04T10:11:04 IST" duration-ms="337" status="PASS">
          <reporter-output>
          </reporter-output>
        </test-method> <!-- tearDown -->
      </class> <!-- Test.UiTestFrameWork -->
    </test> <!-- Test2 -->
  </suite> <!-- Suite -->
</testng-results>
