<?xml version="1.0" encoding="UTF-8"?>
<testsuite xmlns:xsi="http://www.w3.org/2001/XMLSchema-instance" xsi:noNamespaceSchemaLocation="https://maven.apache.org/surefire/maven-surefire-plugin/xsd/surefire-test-report.xsd" version="3.0.2" name="cucumberRunnerSuite.RegressionRunner" time="15.658" tests="1" errors="0" skipped="0" failures="0">
  <properties>
[...]
</properties>
  <testcase name="runScenario[&quot;Place the order and checkout&quot;, &quot;Purchase order and check in history page&quot;](1)" classname="cucumberRunnerSuite.RegressionRunner" time="14.34">
    <system-out><![CDATA[
@Regression
&amp#27;[1mScenario Outline:&amp#27;[22m Place the order and checkout                                  &amp#27;[90m# src/test/java/features/PlaceOrder.feature:17&amp#27;[39m
  &amp#27;[32m✔&amp#27;[39m &amp#27;[32m&amp#27;[1mGiven &amp#27;[22mLand on login page&amp#27;[39m                                                    &amp#27;[90m# StepDef.PlaceOrderSD.Land_on_login_page()&amp#27;[39m
  &amp#27;[32m✔&amp#27;[39m &amp#27;[32m&amp#27;[1mGiven &amp#27;[22mLogin with username &amp#27;[1mnaveengr653@gmail.com&amp#27;[22m and password &amp#27;[1mTest@Practice1&amp#27;[22m&amp#27;[39m &amp#27;[90m# StepDef.PlaceOrderSD.Login_with_username_and_password(java.lang.String,java.lang.String)&amp#27;[39m
  &amp#27;[32m✔&amp#27;[39m &amp#27;[32m&amp#27;[1mWhen &amp#27;[22mAdd the product &amp#27;[1mZARA COAT 3&amp#27;[22m to cart and checkout with country &amp#27;[1mIndia&amp#27;[22m&amp#27;[39m    &amp#27;[90m# StepDef.PlaceOrderSD.Add_the_product_to_cart_and_checkout(java.lang.String,java.lang.String)&amp#27;[39m
  &amp#27;[32m✔&amp#27;[39m &amp#27;[32m&amp#27;[1mWhen &amp#27;[22mConfirm the order&amp#27;[39m                                                      &amp#27;[90m# StepDef.PlaceOrderSD.Confirm_the_order()&amp#27;[39m
7
  &amp#27;[32m✔&amp#27;[39m &amp#27;[32m&amp#27;[1mThen &amp#27;[22mCheck order is avilable in history page&amp#27;[39m                                &amp#27;[90m# StepDef.PlaceOrderSD.Check_order_is_avilable_in_history_page()&amp#27;[39m
]]></system-out>
    <system-err><![CDATA[SLF4J(W): No SLF4J providers were found.
SLF4J(W): Defaulting to no-operation (NOP) logger implementation
SLF4J(W): See https://www.slf4j.org/codes.html#noProviders for further details.
Aug 03, 2026 9:26:25 PM org.openqa.selenium.devtools.CdpVersionFinder findNearestMatch
WARNING: Unable to find an exact match for CDP version 150, returning the closest version; found: 149; Please update to a Selenium version that supports CDP version 150
]]></system-err>
  </testcase>
</testsuite>