<?xml version="1.0" encoding="UTF-8"?>
<testsuite xmlns:xsi="http://www.w3.org/2001/XMLSchema-instance" xsi:noNamespaceSchemaLocation="https://maven.apache.org/surefire/maven-surefire-plugin/xsd/surefire-test-report.xsd" version="3.0.2" name="TestSuite" time="57.461" tests="3" errors="0" skipped="0" failures="0">
  <properties>
[...]
</properties>
  <testcase name="VerifyInvalidLogin" classname="Test.InvalidLogin" time="3.813">
    <system-err><![CDATA[SLF4J(W): No SLF4J providers were found.
SLF4J(W): Defaulting to no-operation (NOP) logger implementation
SLF4J(W): See https://www.slf4j.org/codes.html#noProviders for further details.
Aug 04, 2026 10:10:10 AM org.openqa.selenium.devtools.CdpVersionFinder findNearestMatch
WARNING: Unable to find an exact match for CDP version 150, returning the closest version; found: 149; Please update to a Selenium version that supports CDP version 150
]]></system-err>
  </testcase>
  <testcase name="PlaceOrderandVerifyHistoryPage[{ProductName=ADIDAS ORIGINAL, UserName=naveengr653@gmail.com, Password=Test@Practice1}](1)" classname="Test.UiTestFrameWork" time="24.018">
    <system-out><![CDATA[6a716d4685b8849b4929a34b
7
]]></system-out>
    <system-err><![CDATA[Aug 04, 2026 10:10:15 AM org.openqa.selenium.devtools.CdpVersionFinder findNearestMatch
WARNING: Unable to find an exact match for CDP version 150, returning the closest version; found: 149; Please update to a Selenium version that supports CDP version 150
]]></system-err>
  </testcase>
  <testcase name="PlaceOrderandVerifyHistoryPage[{ProductName=ZARA COAT 3, UserName=naveen.can@gmail.com, Password=Test@123}](2)" classname="Test.UiTestFrameWork" time="23.776">
    <system-out><![CDATA[6a716d5f85b8849b4929a380
7
]]></system-out>
    <system-err><![CDATA[Aug 04, 2026 10:10:40 AM org.openqa.selenium.devtools.CdpVersionFinder findNearestMatch
WARNING: Unable to find an exact match for CDP version 150, returning the closest version; found: 149; Please update to a Selenium version that supports CDP version 150
]]></system-err>
  </testcase>
</testsuite>