<?xml version="1.0" encoding="UTF-8"?>
<testng-results ignored="0" total="1" passed="1" failed="0" skipped="0">
  <reporter-output>
  </reporter-output>
  <suite started-at="2026-08-03T21:26:21 IST" name="Surefire suite" finished-at="2026-08-03T21:26:36 IST" duration-ms="15161">
    <groups>
      <group name="cucumber">
        <method signature="AbstractTestNGCucumberTests.runScenario(io.cucumber.testng.PickleWrapper,io.cucumber.testng.FeatureWrapper)[pri:0, instance:cucumberRunnerSuite.RegressionRunner@7714e963]" name="runScenario" class="io.cucumber.testng.AbstractTestNGCucumberTests"/>
      </group> <!-- cucumber -->
    </groups>
    <test started-at="2026-08-03T21:26:21 IST" name="Surefire test" finished-at="2026-08-03T21:26:36 IST" duration-ms="15161">
      <class name="cucumberRunnerSuite.RegressionRunner">
        <test-method is-config="true" signature="setUpClass(org.testng.ITestContext)[pri:0, instance:cucumberRunnerSuite.RegressionRunner@7714e963]" started-at="2026-08-03T21:26:21 IST" name="setUpClass" finished-at="2026-08-03T21:26:22 IST" duration-ms="715" status="PASS">
          <params>
            <param index="0">
              <value>
                <![CDATA[org.testng.TestRunner@1cf0cacc]]>
              </value>
            </param>
          </params>
          <reporter-output>
          </reporter-output>
        </test-method> <!-- setUpClass -->
        <test-method signature="runScenario(io.cucumber.testng.PickleWrapper,io.cucumber.testng.FeatureWrapper)[pri:0, instance:cucumberRunnerSuite.RegressionRunner@7714e963]" started-at="2026-08-03T21:26:22 IST" name="runScenario" description="Runs Cucumber Scenarios" data-provider="scenarios" finished-at="2026-08-03T21:26:36 IST" duration-ms="14354" status="PASS">
          <params>
            <param index="0">
              <value>
                <![CDATA["Place the order and checkout"]]>
              </value>
            </param>
            <param index="1">
              <value>
                <![CDATA["Purchase order and check in history page"]]>
              </value>
            </param>
          </params>
          <reporter-output>
          </reporter-output>
        </test-method> <!-- runScenario -->
        <test-method is-config="true" signature="tearDownClass()[pri:0, instance:cucumberRunnerSuite.RegressionRunner@7714e963]" started-at="2026-08-03T21:26:36 IST" name="tearDownClass" finished-at="2026-08-03T21:26:36 IST" duration-ms="19" status="PASS">
          <reporter-output>
          </reporter-output>
        </test-method> <!-- tearDownClass -->
      </class> <!-- cucumberRunnerSuite.RegressionRunner -->
    </test> <!-- Surefire test -->
  </suite> <!-- Surefire suite -->
</testng-results>
