<?xml version="1.0" encoding="UTF-8"?>
<testng-results ignored="0" total="3" passed="3" failed="0" skipped="0">
  <reporter-output>
  </reporter-output>
  <suite started-at="2026-08-04T09:53:05 IST" name="Suite" finished-at="2026-08-04T09:53:40 IST" duration-ms="35891">
    <groups>
      <group name="InvalidLogin">
        <method signature="InvalidLogin.VerifyInvalidLogin()[pri:0, instance:Test.InvalidLogin@31190526]" name="VerifyInvalidLogin" class="Test.InvalidLogin"/>
      </group> <!-- InvalidLogin -->
    </groups>
    <test started-at="2026-08-04T09:53:05 IST" name="Test1" finished-at="2026-08-04T09:53:08 IST" duration-ms="3707">
      <class name="Test.InvalidLogin">
        <test-method is-config="true" signature="launchBrowser()[pri:0, instance:Test.InvalidLogin@31190526]" started-at="2026-08-04T09:53:05 IST" name="launchBrowser" finished-at="2026-08-04T09:53:07 IST" duration-ms="2035" status="PASS">
          <reporter-output>
          </reporter-output>
        </test-method> <!-- launchBrowser -->
        <test-method signature="VerifyInvalidLogin()[pri:0, instance:Test.InvalidLogin@31190526]" started-at="2026-08-04T09:53:07 IST" name="VerifyInvalidLogin" finished-at="2026-08-04T09:53:08 IST" duration-ms="1338" status="PASS">
          <reporter-output>
          </reporter-output>
        </test-method> <!-- VerifyInvalidLogin -->
        <test-method is-config="true" signature="tearDown()[pri:0, instance:Test.InvalidLogin@31190526]" started-at="2026-08-04T09:53:08 IST" name="tearDown" finished-at="2026-08-04T09:53:08 IST" duration-ms="287" status="PASS">
          <reporter-output>
          </reporter-output>
        </test-method> <!-- tearDown -->
      </class> <!-- Test.InvalidLogin -->
    </test> <!-- Test1 -->
    <test started-at="2026-08-04T09:53:08 IST" name="Test2" finished-at="2026-08-04T09:53:40 IST" duration-ms="32167">
      <class name="Test.UiTestFrameWork">
        <test-method is-config="true" signature="launchBrowser()[pri:0, instance:Test.UiTestFrameWork@291b4bf5]" started-at="2026-08-04T09:53:08 IST" name="launchBrowser" finished-at="2026-08-04T09:53:09 IST" duration-ms="897" status="PASS">
          <reporter-output>
          </reporter-output>
        </test-method> <!-- launchBrowser -->
        <test-method signature="PlaceOrderandVerifyHistoryPage(java.util.HashMap)[pri:0, instance:Test.UiTestFrameWork@291b4bf5]" started-at="2026-08-04T09:53:09 IST" name="PlaceOrderandVerifyHistoryPage" data-provider="data2" finished-at="2026-08-04T09:53:30 IST" duration-ms="20635" status="PASS">
          <params>
            <param index="0">
              <value>
                <![CDATA[{ProductName=ADIDAS ORIGINAL, UserName=naveengr653@gmail.com, Password=Test@Practice1}]]>
              </value>
            </param>
          </params>
          <reporter-output>
          </reporter-output>
        </test-method> <!-- PlaceOrderandVerifyHistoryPage -->
        <test-method is-config="true" signature="tearDown()[pri:0, instance:Test.UiTestFrameWork@291b4bf5]" started-at="2026-08-04T09:53:30 IST" name="tearDown" finished-at="2026-08-04T09:53:30 IST" duration-ms="283" status="PASS">
          <reporter-output>
          </reporter-output>
        </test-method> <!-- tearDown -->
        <test-method is-config="true" signature="launchBrowser()[pri:0, instance:Test.UiTestFrameWork@291b4bf5]" started-at="2026-08-04T09:53:30 IST" name="launchBrowser" finished-at="2026-08-04T09:53:31 IST" duration-ms="918" status="PASS">
          <reporter-output>
          </reporter-output>
        </test-method> <!-- launchBrowser -->
        <test-method signature="PlaceOrderandVerifyHistoryPage(java.util.HashMap)[pri:0, instance:Test.UiTestFrameWork@291b4bf5]" started-at="2026-08-04T09:53:31 IST" name="PlaceOrderandVerifyHistoryPage" data-provider="data2" finished-at="2026-08-04T09:53:40 IST" duration-ms="9194" status="PASS">
          <params>
            <param index="0">
              <value>
                <![CDATA[{ProductName=ZARA COAT 3, UserName=naveen.can@gmail.com, Password=Test@123}]]>
              </value>
            </param>
          </params>
          <reporter-output>
          </reporter-output>
        </test-method> <!-- PlaceOrderandVerifyHistoryPage -->
        <test-method is-config="true" signature="tearDown()[pri:0, instance:Test.UiTestFrameWork@291b4bf5]" started-at="2026-08-04T09:53:40 IST" name="tearDown" finished-at="2026-08-04T09:53:40 IST" duration-ms="229" status="PASS">
          <reporter-output>
          </reporter-output>
        </test-method> <!-- tearDown -->
      </class> <!-- Test.UiTestFrameWork -->
    </test> <!-- Test2 -->
  </suite> <!-- Suite -->
</testng-results>
