<?xml version="1.0" encoding="UTF-8"?>
<!-- Generated by org.testng.reporters.JUnitReportReporter -->
<testsuite hostname="NAveeN" failures="0" tests="2" name="cucumberRunnerSuite.cucumberRunner" time="14.344" errors="0" timestamp="2026-08-03T20:00:19 IST" skipped="0">
  <testcase classname="cucumberRunnerSuite.cucumberRunner" name="runScenario" time="9.845"/>
  <testcase classname="cucumberRunnerSuite.cucumberRunner" name="runScenario" time="4.499"/>
</testsuite> <!-- cucumberRunnerSuite.cucumberRunner -->
