<?xml version="1.0" encoding="UTF-8"?>
<!-- Generated by org.testng.reporters.JUnitReportReporter -->
<testsuite hostname="NAveeN" failures="0" tests="2" name="Test.InvalidLogin" time="30.151" errors="0" timestamp="2026-08-03T20:38:25 IST" skipped="1">
  <testcase classname="Test.InvalidLogin" name="VerifyInvalidLogin" time="5.865"/>
  <testcase classname="Test.InvalidLogin" name="VerifyInvalidLogin" time="24.286">
    <skipped/>
  </testcase> <!-- VerifyInvalidLogin -->
</testsuite> <!-- Test.InvalidLogin -->
